<?xml version="1.0" encoding="UTF-8"?>
<testng-results ignored="0" total="1" passed="0" failed="1" skipped="0">
  <reporter-output>
  </reporter-output>
  <suite started-at="2024-02-09T19:21:46 EET" name="Default suite" finished-at="2024-02-09T19:21:50 EET" duration-ms="4492">
    <groups>
    </groups>
    <test started-at="2024-02-09T19:21:46 EET" name="Default test" finished-at="2024-02-09T19:21:50 EET" duration-ms="4492">
      <class name="test2">
        <test-method is-config="true" signature="myBeofreTesting()[pri:0, instance:test2@6fdbe764]" started-at="2024-02-09T19:21:46 EET" name="myBeofreTesting" finished-at="2024-02-09T19:21:46 EET" duration-ms="37" status="PASS">
          <reporter-output>
          </reporter-output>
        </test-method> <!-- myBeofreTesting -->
        <test-method signature="testone()[pri:0, instance:test2@6fdbe764]" started-at="2024-02-09T19:21:46 EET" name="testone" finished-at="2024-02-09T19:21:50 EET" duration-ms="4371" status="FAIL">
          <exception class="org.openqa.selenium.SessionNotCreatedException">
            <message>
              <![CDATA[Could not start a new session. Response code 500. Message: An unknown server-side error occurred while processing the command. Original error: The application at 'C:\Users\XPRISTO\eclipse-workspace\Apuo2\src\APP\calculator.apk' does not exist or is not accessible 
Host info: host: 'DESKTOP-601D2VQ', ip: '192.168.1.10'
Build info: version: '4.8.3', revision: 'e5e76298c3'
System info: os.name: 'Windows 10', os.arch: 'amd64', os.version: '10.0', java.version: '17.0.10'
Driver info: io.appium.java_client.android.AndroidDriver
Command: [null, newSession {capabilities=[{appium:app=C:\Users\XPRISTO\eclipse-workspace\Apuo2\src\APP\calculator.apk, appium:chromedriverExecutable=C:\Program Files (x86)\chromedriver_win32 (1), appium:deviceName=batt, platformName=ANDROID}], desiredCapabilities=Capabilities {app: C:\Users\XPRISTO\eclipse-wo..., chromedriverExecutable: C:\Program Files (x86)\chro..., deviceName: batt, platformName: ANDROID}}]
Capabilities {app: C:\Users\XPRISTO\eclipse-wo..., chromedriverExecutable: C:\Program Files (x86)\chro..., deviceName: batt, platformName: ANDROID}]]>
            </message>
            <full-stacktrace>
              <![CDATA[org.openqa.selenium.SessionNotCreatedException: Could not start a new session. Response code 500. Message: An unknown server-side error occurred while processing the command. Original error: The application at 'C:\Users\XPRISTO\eclipse-workspace\Apuo2\src\APP\calculator.apk' does not exist or is not accessible 
Host info: host: 'DESKTOP-601D2VQ', ip: '192.168.1.10'
Build info: version: '4.8.3', revision: 'e5e76298c3'
System info: os.name: 'Windows 10', os.arch: 'amd64', os.version: '10.0', java.version: '17.0.10'
Driver info: io.appium.java_client.android.AndroidDriver
Command: [null, newSession {capabilities=[{appium:app=C:\Users\XPRISTO\eclipse-workspace\Apuo2\src\APP\calculator.apk, appium:chromedriverExecutable=C:\Program Files (x86)\chromedriver_win32 (1), appium:deviceName=batt, platformName=ANDROID}], desiredCapabilities=Capabilities {app: C:\Users\XPRISTO\eclipse-wo..., chromedriverExecutable: C:\Program Files (x86)\chro..., deviceName: batt, platformName: ANDROID}}]
Capabilities {app: C:\Users\XPRISTO\eclipse-wo..., chromedriverExecutable: C:\Program Files (x86)\chro..., deviceName: batt, platformName: ANDROID}
at org.openqa.selenium.remote.ProtocolHandshake.createSession(ProtocolHandshake.java:148)
at java.base/jdk.internal.reflect.NativeMethodAccessorImpl.invoke0(Native Method)
at java.base/jdk.internal.reflect.NativeMethodAccessorImpl.invoke(NativeMethodAccessorImpl.java:77)
at java.base/jdk.internal.reflect.DelegatingMethodAccessorImpl.invoke(DelegatingMethodAccessorImpl.java:43)
at java.base/java.lang.reflect.Method.invoke(Method.java:568)
at io.appium.java_client.remote.AppiumProtocolHandshake.createSession(AppiumProtocolHandshake.java:133)
at io.appium.java_client.remote.AppiumProtocolHandshake.createSession(AppiumProtocolHandshake.java:102)
at io.appium.java_client.remote.AppiumCommandExecutor.createSession(AppiumCommandExecutor.java:194)
at io.appium.java_client.remote.AppiumCommandExecutor.execute(AppiumCommandExecutor.java:262)
at org.openqa.selenium.remote.RemoteWebDriver.execute(RemoteWebDriver.java:543)
at io.appium.java_client.AppiumDriver.startSession(AppiumDriver.java:229)
at org.openqa.selenium.remote.RemoteWebDriver.<init>(RemoteWebDriver.java:157)
at io.appium.java_client.AppiumDriver.<init>(AppiumDriver.java:80)
at io.appium.java_client.AppiumDriver.<init>(AppiumDriver.java:92)
at io.appium.java_client.android.AndroidDriver.<init>(AndroidDriver.java:117)
at test2.testone(test2.java:28)
at java.base/jdk.internal.reflect.NativeMethodAccessorImpl.invoke0(Native Method)
at java.base/jdk.internal.reflect.NativeMethodAccessorImpl.invoke(NativeMethodAccessorImpl.java:77)
at java.base/jdk.internal.reflect.DelegatingMethodAccessorImpl.invoke(DelegatingMethodAccessorImpl.java:43)
at java.base/java.lang.reflect.Method.invoke(Method.java:568)
at org.testng.internal.MethodInvocationHelper.invokeMethod(MethodInvocationHelper.java:133)
at org.testng.internal.TestInvoker.invokeMethod(TestInvoker.java:598)
at org.testng.internal.TestInvoker.invokeTestMethod(TestInvoker.java:173)
at org.testng.internal.MethodRunner.runInSequence(MethodRunner.java:46)
at org.testng.internal.TestInvoker$MethodInvocationAgent.invoke(TestInvoker.java:824)
at org.testng.internal.TestInvoker.invokeTestMethods(TestInvoker.java:146)
at org.testng.internal.TestMethodWorker.invokeTestMethods(TestMethodWorker.java:146)
at org.testng.internal.TestMethodWorker.run(TestMethodWorker.java:128)
at java.base/java.util.ArrayList.forEach(ArrayList.java:1511)
at org.testng.TestRunner.privateRun(TestRunner.java:794)
at org.testng.TestRunner.run(TestRunner.java:596)
at org.testng.SuiteRunner.runTest(SuiteRunner.java:377)
at org.testng.SuiteRunner.runSequentially(SuiteRunner.java:371)
at org.testng.SuiteRunner.privateRun(SuiteRunner.java:332)
at org.testng.SuiteRunner.run(SuiteRunner.java:276)
at org.testng.SuiteRunnerWorker.runSuite(SuiteRunnerWorker.java:53)
at org.testng.SuiteRunnerWorker.run(SuiteRunnerWorker.java:96)
at org.testng.TestNG.runSuitesSequentially(TestNG.java:1212)
at org.testng.TestNG.runSuitesLocally(TestNG.java:1134)
at org.testng.TestNG.runSuites(TestNG.java:1063)
at org.testng.TestNG.run(TestNG.java:1031)
at org.testng.remote.AbstractRemoteTestNG.run(AbstractRemoteTestNG.java:115)
at org.testng.remote.RemoteTestNG.initAndRun(RemoteTestNG.java:251)
at org.testng.remote.RemoteTestNG.main(RemoteTestNG.java:77)
]]>
            </full-stacktrace>
          </exception> <!-- org.openqa.selenium.SessionNotCreatedException -->
          <reporter-output>
          </reporter-output>
        </test-method> <!-- testone -->
        <test-method is-config="true" signature="endTesting()[pri:0, instance:test2@6fdbe764]" started-at="2024-02-09T19:21:50 EET" name="endTesting" finished-at="2024-02-09T19:21:50 EET" duration-ms="0" status="PASS">
          <reporter-output>
          </reporter-output>
        </test-method> <!-- endTesting -->
      </class> <!-- test2 -->
    </test> <!-- Default test -->
  </suite> <!-- Default suite -->
</testng-results>
